0 info it worked if it ends with ok
1 verbose cli [ '/Users/kjones/.nvm/v0.11.14/bin/node',
1 verbose cli   '/Users/kjones/.nvm/v0.11.14/bin/npm',
1 verbose cli   'install' ]
2 info using npm@2.0.0
3 info using node@v0.11.14
4 warn package.json hapi-technologies@1.0.0 No README data
5 verbose readDependencies using package.json deps
6 verbose install where, deps [ '/Users/kjones/Documents/Code/evernode',
6 verbose install   [ 'aws-sdk',
6 verbose install     'bcrypt',
6 verbose install     'bower',
6 verbose install     'concat-stream',
6 verbose install     'crypto',
6 verbose install     'good',
6 verbose install     'good-console',
6 verbose install     'grunt',
6 verbose install     'grunt-cli',
6 verbose install     'grunt-contrib-clean',
6 verbose install     'grunt-contrib-copy',
6 verbose install     'grunt-contrib-jade',
6 verbose install     'grunt-contrib-jshint',
6 verbose install     'grunt-contrib-less',
6 verbose install     'grunt-contrib-watch',
6 verbose install     'grunt-jscs',
6 verbose install     'grunt-shell',
6 verbose install     'hapi',
6 verbose install     'hapi-auth-cookie',
6 verbose install     'joi',
6 verbose install     'jshint-stylish',
6 verbose install     'lout',
6 verbose install     'pg',
6 verbose install     'request' ] ]
7 info preinstall hapi-technologies@1.0.0
8 warn package.json crypto@0.0.3 crypto is also the name of a node core module.
9 verbose readDependencies using package.json deps
10 verbose already installed skipping grunt@^0.4.5 /Users/kjones/Documents/Code/evernode
11 verbose already installed skipping grunt-cli@^0.1.13 /Users/kjones/Documents/Code/evernode
12 verbose already installed skipping grunt-contrib-clean@^0.6.0 /Users/kjones/Documents/Code/evernode
13 verbose already installed skipping grunt-contrib-copy@^0.7.0 /Users/kjones/Documents/Code/evernode
14 verbose already installed skipping grunt-contrib-jade@^0.13.0 /Users/kjones/Documents/Code/evernode
15 verbose already installed skipping grunt-contrib-jshint@^0.10.0 /Users/kjones/Documents/Code/evernode
16 verbose already installed skipping grunt-contrib-less@^0.12.0 /Users/kjones/Documents/Code/evernode
17 verbose already installed skipping grunt-contrib-watch@^0.6.1 /Users/kjones/Documents/Code/evernode
18 verbose already installed skipping grunt-jscs@^0.8.1 /Users/kjones/Documents/Code/evernode
19 verbose already installed skipping grunt-shell@^1.1.1 /Users/kjones/Documents/Code/evernode
20 verbose already installed skipping hapi@^7.5.2 /Users/kjones/Documents/Code/evernode
21 verbose already installed skipping hapi-auth-cookie@^1.4.0 /Users/kjones/Documents/Code/evernode
22 verbose already installed skipping joi@^4.9.0 /Users/kjones/Documents/Code/evernode
23 verbose already installed skipping jshint-stylish@^1.0.0 /Users/kjones/Documents/Code/evernode
24 verbose already installed skipping lout@^5.1.2 /Users/kjones/Documents/Code/evernode
25 verbose already installed skipping pg@^4.0.0 /Users/kjones/Documents/Code/evernode
26 verbose already installed skipping request@^2.49.0 /Users/kjones/Documents/Code/evernode
27 verbose already installed skipping aws-sdk@^2.0.28 /Users/kjones/Documents/Code/evernode
28 verbose already installed skipping bcrypt@^0.8.0 /Users/kjones/Documents/Code/evernode
29 verbose already installed skipping bower@^1.3.12 /Users/kjones/Documents/Code/evernode
30 verbose already installed skipping concat-stream@^1.4.7 /Users/kjones/Documents/Code/evernode
31 verbose already installed skipping crypto@0.0.3 /Users/kjones/Documents/Code/evernode
32 verbose already installed skipping good@^4.0.0 /Users/kjones/Documents/Code/evernode
33 verbose already installed skipping good-console@^2.0.1 /Users/kjones/Documents/Code/evernode
34 silly resolved []
35 info build /Users/kjones/Documents/Code/evernode
36 verbose linkStuff [ false, false, false, '/Users/kjones/Documents/Code' ]
37 info linkStuff hapi-technologies@1.0.0
38 verbose linkBins hapi-technologies@1.0.0
39 verbose linkMans hapi-technologies@1.0.0
40 verbose rebuildBundles hapi-technologies@1.0.0
41 verbose rebuildBundles [ '.bin',
41 verbose rebuildBundles   'aws-sdk',
41 verbose rebuildBundles   'bcrypt',
41 verbose rebuildBundles   'bower',
41 verbose rebuildBundles   'concat-stream',
41 verbose rebuildBundles   'crypto',
41 verbose rebuildBundles   'good',
41 verbose rebuildBundles   'good-console',
41 verbose rebuildBundles   'grunt',
41 verbose rebuildBundles   'grunt-cli',
41 verbose rebuildBundles   'grunt-contrib-clean',
41 verbose rebuildBundles   'grunt-contrib-copy',
41 verbose rebuildBundles   'grunt-contrib-jade',
41 verbose rebuildBundles   'grunt-contrib-jshint',
41 verbose rebuildBundles   'grunt-contrib-less',
41 verbose rebuildBundles   'grunt-contrib-watch',
41 verbose rebuildBundles   'grunt-jscs',
41 verbose rebuildBundles   'grunt-shell',
41 verbose rebuildBundles   'hapi',
41 verbose rebuildBundles   'hapi-auth-cookie',
41 verbose rebuildBundles   'joi',
41 verbose rebuildBundles   'jshint-stylish',
41 verbose rebuildBundles   'lout',
41 verbose rebuildBundles   'pg',
41 verbose rebuildBundles   'request' ]
42 info install hapi-technologies@1.0.0
43 info postinstall hapi-technologies@1.0.0
44 verbose unsafe-perm in lifecycle true
45 info hapi-technologies@1.0.0 Failed to exec postinstall script
46 verbose stack Error: Exit status 3
46 verbose stack     at ChildProcess.<anonymous> (/Users/kjones/.nvm/v0.11.14/lib/node_modules/npm/lib/utils/lifecycle.js:212:16)
46 verbose stack     at ChildProcess.emit (events.js:110:17)
46 verbose stack     at maybeClose (child_process.js:1000:16)
46 verbose stack     at Process.ChildProcess._handle.onexit (child_process.js:1072:5)
47 verbose pkgid hapi-technologies@1.0.0
48 verbose cwd /Users/kjones/Documents/Code/evernode
49 error Darwin 14.0.0
50 error argv "/Users/kjones/.nvm/v0.11.14/bin/node" "/Users/kjones/.nvm/v0.11.14/bin/npm" "install"
51 error node v0.11.14
52 error npm  v2.0.0
53 error code ELIFECYCLE
54 error hapi-technologies@1.0.0 postinstall: `grunt deploy`
54 error Exit status 3
55 error Failed at the hapi-technologies@1.0.0 postinstall script.
55 error This is most likely a problem with the hapi-technologies package,
55 error not with npm itself.
55 error Tell the author that this fails on your system:
55 error     grunt deploy
55 error You can get their info via:
55 error     npm owner ls hapi-technologies
55 error There is likely additional logging output above.
56 verbose exit [ 1, true ]
